<?xml version="1.0" encoding="UTF-8"?>
<!-- Generated by org.testng.reporters.JUnitReportReporter -->
<testsuite hostname="DESKTOP-VI48P74" failures="0" tests="1" name="testcases.TC_001AccountRegisterTest" time="1.983" errors="0" timestamp="2025-07-14T09:59:20 IST" skipped="0">
  <testcase classname="testcases.TC_001AccountRegisterTest" name="verify_regestationpage" time="1.983"/>
</testsuite> <!-- testcases.TC_001AccountRegisterTest -->
