<?xml version="1.0" encoding="UTF-8"?>
<!-- Generated by org.testng.reporters.JUnitReportReporter -->
<testsuite hostname="DESKTOP-VI48P74" failures="0" tests="1" name="testcases.TC_002LoginTest" time="1.182" errors="0" timestamp="2025-07-14T10:26:21 IST" skipped="0">
  <testcase classname="testcases.TC_002LoginTest" name="verify_login" time="1.182"/>
</testsuite> <!-- testcases.TC_002LoginTest -->
